
SQL*Loader: Release 21.0.0.0.0 - Production on Tue Oct 11 21:23:49 2022
Version 21.3.0.0.0

Copyright (c) 1982, 2021, Oracle and/or its affiliates.  All rights reserved.

Control File:   C:\Users\Jeremy\Documents\nhl_analysis\scripts\sql_loader\fact_goalie\fact_goalie.ctl
Data File:      C:\Users\Jeremy\Documents\nhl_analysis\data\fact_goalie.csv
  File processing option string: "str '\n'"
  Bad File:     C:\Users\Jeremy\Documents\nhl_analysis\scripts\sql_loader\fact_goalie\fact_goalie.bad
  Discard File:  none specified
 
 (Allow all discards)

Number to load: ALL
Number to skip: 1
Errors allowed: 50
Bind array:     250 rows, maximum of 1048576 bytes
Continuation:    none specified
Path used:      Conventional

Table FACT_GOALIE, loaded from every logical record.
Insert option in effect for this table: APPEND
TRAILING NULLCOLS option in effect

   Column Name                  Position   Len  Term Encl Datatype
------------------------------ ---------- ----- ---- ---- ---------------------
GAME_ID                             FIRST    10   ,  O(") CHARACTER            
                                                      O(")
PLAYER_ID                            NEXT     7   ,  O(") CHARACTER            
                                                      O(")
PLAYER_NAME                          NEXT   128   ,  O(") CHARACTER            
                                                      O(")
PRIMARY_POSITION_CODE                NEXT     1   ,  O(") CHARACTER            
                                                      O(")
TEAM_ID                              NEXT     2   ,  O(") CHARACTER            
                                                      O(")
TIME_ON_ICE                          NEXT     6   ,  O(") CHARACTER            
                                                      O(")
ASSISTS                              NEXT     *   ,  O(") CHARACTER            
                                                      O(")
GOALS                                NEXT     *   ,  O(") CHARACTER            
                                                      O(")
PENALTY_MINUTES                      NEXT     *   ,  O(") CHARACTER            
                                                      O(")
SHOTS                                NEXT     *   ,  O(") CHARACTER            
                                                      O(")
SAVES                                NEXT     *   ,  O(") CHARACTER            
                                                      O(")
POWER_PLAY_SAVES                     NEXT     *   ,  O(") CHARACTER            
                                                      O(")
SHORT_HANDED_SAVES                   NEXT     *   ,  O(") CHARACTER            
                                                      O(")
EVEN_SAVES                           NEXT     *   ,  O(") CHARACTER            
                                                      O(")
SHORT_HANDED_SHOTS_AGAINST           NEXT     *   ,  O(") CHARACTER            
                                                      O(")
EVEN_SHOTS_AGAINST                   NEXT     *   ,  O(") CHARACTER            
                                                      O(")
POWER_PLAY_SHOTS_AGAINST             NEXT     *   ,  O(") CHARACTER            
                                                      O(")
DECISION                             NEXT    26   ,  O(") CHARACTER            
                                                      O(")
SAVE_PERCENTAGE                      NEXT     *   ,  O(") CHARACTER            
                                                      O(")
    SQL string for column : "ROUND(:SAVE_PERCENTAGE, 2)"
EVEN_STRENGTH_SAVE_PERCENTAGE        NEXT     *   ,  O(") CHARACTER            
                                                      O(")
    SQL string for column : "ROUND(:EVEN_STRENGTH_SAVE_PERCENTAGE, 2)"


Table FACT_GOALIE:
  18404 Rows successfully loaded.
  0 Rows not loaded due to data errors.
  0 Rows not loaded because all WHEN clauses were failed.
  0 Rows not loaded because all fields were null.


Space allocated for bind array:                 887500 bytes(250 rows)
Read   buffer bytes: 1048576

Total logical records skipped:          1
Total logical records read:         18404
Total logical records rejected:         0
Total logical records discarded:        0

Run began on Tue Oct 11 21:23:49 2022
Run ended on Tue Oct 11 21:23:50 2022

Elapsed time was:     00:00:00.50
CPU time was:         00:00:00.19
