
SQL*Loader: Release 21.0.0.0.0 - Production on Tue Oct 11 21:23:49 2022
Version 21.3.0.0.0

Copyright (c) 1982, 2021, Oracle and/or its affiliates.  All rights reserved.

Control File:   C:\Users\Jeremy\Documents\nhl_analysis\scripts\sql_loader\dim_team\dim_teams.ctl
Data File:      C:\Users\Jeremy\Documents\nhl_analysis\data\dim_teams.csv
  File processing option string: "str '\n'"
  Bad File:     C:\Users\Jeremy\Documents\nhl_analysis\scripts\sql_loader\dim_team\dim_teams.bad
  Discard File:  none specified
 
 (Allow all discards)

Number to load: ALL
Number to skip: 1
Errors allowed: 50
Bind array:     250 rows, maximum of 1048576 bytes
Continuation:    none specified
Path used:      Conventional

Table DIM_TEAM, loaded from every logical record.
Insert option in effect for this table: APPEND
TRAILING NULLCOLS option in effect

   Column Name                  Position   Len  Term Encl Datatype
------------------------------ ---------- ----- ---- ---- ---------------------
TEAM_ID                             FIRST     2   ,  O(") CHARACTER            
                                                      O(")
NAME                                 NEXT    56   ,  O(") CHARACTER            
                                                      O(")
API_LINK                             NEXT    56   ,  O(") CHARACTER            
                                                      O(")
ABBREVIATION                         NEXT     3   ,  O(") CHARACTER            
                                                      O(")
TEAM_NAME                            NEXT    26   ,  O(") CHARACTER            
                                                      O(")
LOCATION_NAME                        NEXT    26   ,  O(") CHARACTER            
                                                      O(")
FIRST_YEAR_OF_PLAY                   NEXT     *   ,  O(") CHARACTER            
                                                      O(")
SHORT_NAME                           NEXT    26   ,  O(") CHARACTER            
                                                      O(")
OFFICIAL_SITE_URL                    NEXT   128   ,  O(") CHARACTER            
                                                      O(")
FRANCHISE_ID                         NEXT     2   ,  O(") CHARACTER            
                                                      O(")
ACTIVE                               NEXT    26   ,  O(") CHARACTER            
                                                      O(")
VENUE_NAME                           NEXT    56   ,  O(") CHARACTER            
                                                      O(")
VENUE_LINK                           NEXT    26   ,  O(") CHARACTER            
                                                      O(")
VENUE_CITY                           NEXT    26   ,  O(") CHARACTER            
                                                      O(")
VENUE_ID                             NEXT     4   ,  O(") CHARACTER            
                                                      O(")
VENUE_TIME_ZONE_ID                   NEXT    26   ,  O(") CHARACTER            
                                                      O(")
VENUE_TIME_ZONE_OFFSET               NEXT     *   ,  O(") CHARACTER            
                                                      O(")
VENUE_TIME_ZONE_TZ                   NEXT    26   ,  O(") CHARACTER            
                                                      O(")
DIVISION_ID                          NEXT     2   ,  O(") CHARACTER            
                                                      O(")
DIVISION_NAME                        NEXT    26   ,  O(") CHARACTER            
                                                      O(")
DIVISION_NAME_SHORT                  NEXT     5   ,  O(") CHARACTER            
                                                      O(")
DIVISION_LINK                        NEXT    26   ,  O(") CHARACTER            
                                                      O(")
DIVISION_ABBREVIATION                NEXT     1   ,  O(") CHARACTER            
                                                      O(")
CONFERENCE_ID                        NEXT     2   ,  O(") CHARACTER            
                                                      O(")
CONFERENCE_NAME                      NEXT    26   ,  O(") CHARACTER            
                                                      O(")
CONFERENCE_LINK                      NEXT    26   ,  O(") CHARACTER            
                                                      O(")
FRANCHISE_FRANCHISE_ID               NEXT     2   ,  O(") CHARACTER            
                                                      O(")
FRANCHISE_TEAM_NAME                  NEXT    26   ,  O(") CHARACTER            
                                                      O(")
FRANCHISE_LINK                       NEXT    26   ,  O(") CHARACTER            
                                                      O(")
URL                                  NEXT   128   ,  O(") CHARACTER            
                                                      O(")
COPYRIGHT                            NEXT   512   ,  O(") CHARACTER            
                                                      O(")


Table DIM_TEAM:
  32 Rows successfully loaded.
  0 Rows not loaded due to data errors.
  0 Rows not loaded because all WHEN clauses were failed.
  0 Rows not loaded because all fields were null.


Space allocated for bind array:                 475000 bytes(250 rows)
Read   buffer bytes: 1048576

Total logical records skipped:          1
Total logical records read:            32
Total logical records rejected:         0
Total logical records discarded:        0

Run began on Tue Oct 11 21:23:49 2022
Run ended on Tue Oct 11 21:23:49 2022

Elapsed time was:     00:00:00.12
CPU time was:         00:00:00.08
