
SQL*Loader: Release 21.0.0.0.0 - Production on Thu Oct 6 21:34:13 2022
Version 21.3.0.0.0

Copyright (c) 1982, 2021, Oracle and/or its affiliates.  All rights reserved.

Control File:   metadata_players.ctl
Data File:      C:\Users\Jeremy\Documents\nhl_analysis\data\metadata_players.csv
  File processing option string: "str '\n'"
  Bad File:     C:\Users\Jeremy\Documents\nhl_analysis\scripts\sql_loader\dim_player\metadata_players.bad
  Discard File:  none specified
 
 (Allow all discards)

Number to load: ALL
Number to skip: 1
Errors allowed: 50
Bind array:     250 rows, maximum of 1048576 bytes
Continuation:    none specified
Path used:      Conventional

Table DIM_PLAYER, loaded from every logical record.
Insert option in effect for this table: APPEND
TRAILING NULLCOLS option in effect

   Column Name                  Position   Len  Term Encl Datatype
------------------------------ ---------- ----- ---- ---- ---------------------
PLAYER_ID                           FIRST     7   ,  O(") CHARACTER            
                                                      O(")
FULL_NAME                            NEXT    56   ,  O(") CHARACTER            
                                                      O(")
API_LINK                             NEXT    26   ,  O(") CHARACTER            
                                                      O(")
FIRST_NAME                           NEXT    26   ,  O(") CHARACTER            
                                                      O(")
LAST_NAME                            NEXT    26   ,  O(") CHARACTER            
                                                      O(")
PRIMARY_NUMBER                       NEXT     2   ,  O(") CHARACTER            
                                                      O(")
BIRTH_DATE                           NEXT     *   ,  O(") CHARACTER            
                                                      O(")
    SQL string for column : "TO_DATE(:BIRTH_DATE, 'YYYY-MM-DD')"
BIRTH_CITY                           NEXT    56   ,  O(") CHARACTER            
                                                      O(")
BIRTH_STATE_PROVINCE                 NEXT     5   ,  O(") CHARACTER            
                                                      O(")
BIRTH_COUNTRY                        NEXT     3   ,  O(") CHARACTER            
                                                      O(")
NATIONALITY                          NEXT     3   ,  O(") CHARACTER            
                                                      O(")
HEIGHT                               NEXT     6   ,  O(") CHARACTER            
                                                      O(")
WEIGHT                               NEXT     *   ,  O(") CHARACTER            
                                                      O(")
ACTIVE                               NEXT    26   ,  O(") CHARACTER            
                                                      O(")
ROOKIE                               NEXT    26   ,  O(") CHARACTER            
                                                      O(")
SHOOTS                               NEXT     2   ,  O(") CHARACTER            
                                                      O(")
ROSTER_STATUS                        NEXT     1   ,  O(") CHARACTER            
                                                      O(")
PRIMARY_POSITION_CODE                NEXT     1   ,  O(") CHARACTER            
                                                      O(")
PRIMARY_POSITION_NAME                NEXT    26   ,  O(") CHARACTER            
                                                      O(")
PRIMARY_POSITION_TYPE                NEXT    26   ,  O(") CHARACTER            
                                                      O(")
PRIMARY_POSITION_ABBREVIATION        NEXT     2   ,  O(") CHARACTER            
                                                      O(")
URL                                  NEXT   128   ,  O(") CHARACTER            
                                                      O(")
COPYRIGHT                            NEXT   256   ,  O(") CHARACTER            
                                                      O(")
CURRENT_AGE                          NEXT     *   ,  O(") CHARACTER            
                                                      O(")
ALTERNATE_CAPTAIN                    NEXT    26   ,  O(") CHARACTER            
                                                      O(")
CAPTAIN                              NEXT    26   ,  O(") CHARACTER            
                                                      O(")
CURRENT_TEAM_ID                      NEXT     2   ,  O(") CHARACTER            
                                                      O(")
CURRENT_TEAM_NAME                    NEXT    26   ,  O(") CHARACTER            
                                                      O(")
CURRENT_TEAM_LINK                    NEXT    56   ,  O(") CHARACTER            
                                                      O(")


Table DIM_PLAYER:
  2568 Rows successfully loaded.
  0 Rows not loaded due to data errors.
  0 Rows not loaded because all WHEN clauses were failed.
  0 Rows not loaded because all fields were null.


Space allocated for bind array:                 419500 bytes(250 rows)
Read   buffer bytes: 1048576

Total logical records skipped:          1
Total logical records read:          2568
Total logical records rejected:         0
Total logical records discarded:        0

Run began on Thu Oct 06 21:34:13 2022
Run ended on Thu Oct 06 21:34:13 2022

Elapsed time was:     00:00:00.50
CPU time was:         00:00:00.11
