
SQL*Loader: Release 21.0.0.0.0 - Production on Tue Oct 11 21:23:48 2022
Version 21.3.0.0.0

Copyright (c) 1982, 2021, Oracle and/or its affiliates.  All rights reserved.

Control File:   C:\Users\Jeremy\Documents\nhl_analysis\scripts\sql_loader\dim_season\dim_season.ctl
Data File:      C:\Users\Jeremy\Documents\nhl_analysis\data\dim_season.csv
  File processing option string: "str '\n'"
  Bad File:     C:\Users\Jeremy\Documents\nhl_analysis\scripts\sql_loader\dim_season\dim_season.bad
  Discard File:  none specified
 
 (Allow all discards)

Number to load: ALL
Number to skip: 1
Errors allowed: 50
Bind array:     250 rows, maximum of 1048576 bytes
Continuation:    none specified
Path used:      Conventional

Table DIM_SEASON, loaded from every logical record.
Insert option in effect for this table: APPEND
TRAILING NULLCOLS option in effect

   Column Name                  Position   Len  Term Encl Datatype
------------------------------ ---------- ----- ---- ---- ---------------------
SEASON_ID                           FIRST     8   ,  O(") CHARACTER            
                                                      O(")
REGULAR_SEASON_START_DATE            NEXT     *   ,  O(") CHARACTER            
                                                      O(")
    SQL string for column : "TO_DATE(:REGULAR_SEASON_START_DATE , 'YYYY-MM-DD')"
REGULAR_SEASON_END_DATE              NEXT     *   ,  O(") CHARACTER            
                                                      O(")
    SQL string for column : "TO_DATE(:REGULAR_SEASON_END_DATE , 'YYYY-MM-DD')"
SEASON_END_DATE                      NEXT     *   ,  O(") CHARACTER            
                                                      O(")
    SQL string for column : "TO_DATE(:SEASON_END_DATE , 'YYYY-MM-DD')"
NUMBER_OF_GAMES                      NEXT     *   ,  O(") CHARACTER            
                                                      O(")
TIES_IN_USE                          NEXT    26   ,  O(") CHARACTER            
                                                      O(")
OLYMPICS_PARTICIPATION               NEXT    26   ,  O(") CHARACTER            
                                                      O(")
CONFERENCES_IN_USE                   NEXT    26   ,  O(") CHARACTER            
                                                      O(")
DIVISIONS_IN_USE                     NEXT    26   ,  O(") CHARACTER            
                                                      O(")
WILD_CARD_IN_USE                     NEXT    26   ,  O(") CHARACTER            
                                                      O(")
URL                                  NEXT   256   ,  O(") CHARACTER            
                                                      O(")
COPYRIGHT                            NEXT   512   ,  O(") CHARACTER            
                                                      O(")


Table DIM_SEASON:
  105 Rows successfully loaded.
  0 Rows not loaded due to data errors.
  0 Rows not loaded because all WHEN clauses were failed.
  0 Rows not loaded because all fields were null.


Space allocated for bind array:                 488500 bytes(250 rows)
Read   buffer bytes: 1048576

Total logical records skipped:          1
Total logical records read:           105
Total logical records rejected:         0
Total logical records discarded:        0

Run began on Tue Oct 11 21:23:48 2022
Run ended on Tue Oct 11 21:23:49 2022

Elapsed time was:     00:00:00.30
CPU time was:         00:00:00.09
