
SQL*Loader: Release 21.0.0.0.0 - Production on Tue Oct 11 16:18:57 2022
Version 21.3.0.0.0

Copyright (c) 1982, 2021, Oracle and/or its affiliates.  All rights reserved.

Control File:   fact_schedule.ctl
Data File:      C:\Users\Jeremy\Documents\nhl_analysis\data\fact_schedule.csv
  File processing option string: "str '\n'"
  Bad File:     C:\Users\Jeremy\Documents\nhl_analysis\scripts\sql_loader\fact_schedule\fact_schedule.bad
  Discard File:  none specified
 
 (Allow all discards)

Number to load: ALL
Number to skip: 1
Errors allowed: 50
Bind array:     250 rows, maximum of 1048576 bytes
Continuation:    none specified
Path used:      Conventional

Table FACT_SCHEDULE, loaded from every logical record.
Insert option in effect for this table: APPEND
TRAILING NULLCOLS option in effect

   Column Name                  Position   Len  Term Encl Datatype
------------------------------ ---------- ----- ---- ---- ---------------------
GAME_DATE                           FIRST     *   ,  O(") DATE RRRR-MM-DD      
                                                      O(")
TOTAL_ITEMS                          NEXT     *   ,  O(") CHARACTER            
                                                      O(")
TOTAL_EVENTS                         NEXT     *   ,  O(") CHARACTER            
                                                      O(")
TOTAL_GAMES                          NEXT     *   ,  O(") CHARACTER            
                                                      O(")
TOTAL_MATCHES                        NEXT     *   ,  O(") CHARACTER            
                                                      O(")
GAME_PK                              NEXT     *   ,  O(") CHARACTER            
                                                      O(")
API_LINK                             NEXT   128   ,  O(") CHARACTER            
                                                      O(")
GAME_TYPE                            NEXT    26   ,  O(") CHARACTER            
                                                      O(")
SEASON                               NEXT     8   ,  O(") CHARACTER            
                                                      O(")
GAME_DATE_TIME                       NEXT    20   ,  O(") CHARACTER            
                                                      O(")
STATUS_ABSTRACT_GAME_STATE           NEXT    26   ,  O(") CHARACTER            
                                                      O(")
STATUS_CODED_GAME_STATE              NEXT    38   ,  O(") CHARACTER            
                                                      O(")
STATUS_DETAILED_STATE                NEXT    26   ,  O(") CHARACTER            
                                                      O(")
STATUS_STATUS_CODE                   NEXT    38   ,  O(") CHARACTER            
                                                      O(")
STATUS_START_TIME_TBD                NEXT    26   ,  O(") CHARACTER            
                                                      O(")
TEAMS_AWAY_SCORE                     NEXT     *   ,  O(") CHARACTER            
                                                      O(")
TEAMS_AWAY_LEAGUE_RECORD_WINS        NEXT     *   ,  O(") CHARACTER            
                                                      O(")
TEAMS_AWAY_LEAGUE_RECORD_LOSSES       NEXT     *   ,  O(") CHARACTER            
                                                      O(")
TEAMS_AWAY_LEAGUE_RECORD_OT          NEXT     *   ,  O(") CHARACTER            
                                                      O(")
TEAMS_AWAY_LEAGUE_RECORD_TYPE        NEXT    26   ,  O(") CHARACTER            
                                                      O(")
TEAMS_AWAY_TEAM_ID                   NEXT    38   ,  O(") CHARACTER            
                                                      O(")
TEAMS_AWAY_TEAM_NAME                 NEXT    52   ,  O(") CHARACTER            
                                                      O(")
TEAMS_AWAY_TEAM_LINK                 NEXT    52   ,  O(") CHARACTER            
                                                      O(")
TEAMS_HOME_SCORE                     NEXT     *   ,  O(") CHARACTER            
                                                      O(")
TEAMS_HOME_LEAGUE_RECORD_WINS        NEXT     *   ,  O(") CHARACTER            
                                                      O(")
TEAMS_HOME_LEAGUE_RECORD_LOSSES       NEXT     *   ,  O(") CHARACTER            
                                                      O(")
TEAMS_HOME_LEAGUE_RECORD_OT          NEXT     *   ,  O(") CHARACTER            
                                                      O(")
TEAMS_HOME_LEAGUE_RECORD_TYPE        NEXT    26   ,  O(") CHARACTER            
                                                      O(")
TEAMS_HOME_TEAM_ID                   NEXT    38   ,  O(") CHARACTER            
                                                      O(")
TEAMS_HOME_TEAM_NAME                 NEXT    52   ,  O(") CHARACTER            
                                                      O(")
TEAMS_HOME_TEAM_LINK                 NEXT    52   ,  O(") CHARACTER            
                                                      O(")
VENUE_ID                             NEXT    38   ,  O(") CHARACTER            
                                                      O(")
VENUE_NAME                           NEXT   256   ,  O(") CHARACTER            
                                                      O(")
VENUE_LINK                           NEXT    52   ,  O(") CHARACTER            
                                                      O(")
CONTENT_LINK                         NEXT   256   ,  O(") CHARACTER            
                                                      O(")

value used for ROWS parameter changed from 250 to 212

Table FACT_SCHEDULE:
  9575 Rows successfully loaded.
  0 Rows not loaded due to data errors.
  0 Rows not loaded because all WHEN clauses were failed.
  0 Rows not loaded because all fields were null.


Space allocated for bind array:                1044736 bytes(212 rows)
Read   buffer bytes: 1048576

Total logical records skipped:          1
Total logical records read:          9575
Total logical records rejected:         0
Total logical records discarded:        0

Run began on Tue Oct 11 16:18:57 2022
Run ended on Tue Oct 11 16:18:59 2022

Elapsed time was:     00:00:02.56
CPU time was:         00:00:00.14
