
SQL*Loader: Release 21.0.0.0.0 - Production on Tue Oct 11 21:23:47 2022
Version 21.3.0.0.0

Copyright (c) 1982, 2021, Oracle and/or its affiliates.  All rights reserved.

Control File:   C:\Users\Jeremy\Documents\nhl_analysis\scripts\sql_loader\dim_game_types\dim_game_type.ctl
Data File:      C:\Users\Jeremy\Documents\nhl_analysis\data\dim_game_type.csv
  File processing option string: "str '\r\n'"
  Bad File:     C:\Users\Jeremy\Documents\nhl_analysis\scripts\sql_loader\dim_game_types\dim_game_type.bad
  Discard File:  none specified
 
 (Allow all discards)

Number to load: ALL
Number to skip: 1
Errors allowed: 50
Bind array:     250 rows, maximum of 1048576 bytes
Continuation:    none specified
Path used:      Conventional

Table DIM_GAME_TYPE, loaded from every logical record.
Insert option in effect for this table: APPEND
TRAILING NULLCOLS option in effect

   Column Name                  Position   Len  Term Encl Datatype
------------------------------ ---------- ----- ---- ---- ---------------------
GAME_TYPE_ID                        FIRST    26   ,  O(") CHARACTER            
                                                      O(")
DESCRIPTION                          NEXT   128   ,  O(") CHARACTER            
                                                      O(")
POSTSEASON                           NEXT    26   ,  O(") CHARACTER            
                                                      O(")


Table DIM_GAME_TYPE:
  9 Rows successfully loaded.
  0 Rows not loaded due to data errors.
  0 Rows not loaded because all WHEN clauses were failed.
  0 Rows not loaded because all fields were null.


Space allocated for bind array:                  46500 bytes(250 rows)
Read   buffer bytes: 1048576

Total logical records skipped:          1
Total logical records read:             9
Total logical records rejected:         0
Total logical records discarded:        0

Run began on Tue Oct 11 21:23:47 2022
Run ended on Tue Oct 11 21:23:48 2022

Elapsed time was:     00:00:00.66
CPU time was:         00:00:00.08
